#
# A fatal error has been detected by the Java Runtime Environment:
#
#  EXCEPTION_ACCESS_VIOLATION (0xc0000005) at pc=0x666e6f63, pid=20564, tid=24044
#
# JRE version: 6.0_17-b04
# Java VM: Java HotSpot(TM) Client VM (14.3-b01 mixed mode windows-x86 )
# Problematic frame:
# C  0x666e6f63
#
# If you would like to submit a bug report, please visit:
#   http://java.sun.com/webapps/bugreport/crash.jsp
# The crash happened outside the Java Virtual Machine in native code.
# See problematic frame for where to report the bug.
#

---------------  T H R E A D  ---------------

Current thread (0x21e45800):  JavaThread "AWT-EventQueue-0" [_thread_in_native, id=24044, stack(0x22d00000,0x22d80000)]

siginfo: ExceptionCode=0xc0000005, reading address 0x666e6f63

Registers:
EAX=0x666e6f63, EBX=0x1d15e900, ECX=0x05c2fe60, EDX=0x203757d0
ESP=0x22d7eff4, EBP=0x22d7effc, ESI=0x1d15e900, EDI=0x21e45800
EIP=0x666e6f63, EFLAGS=0x00210206

Top of Stack: (sp=0x22d7eff4)
0x22d7eff4:   28d3c39b 05c2fe60 22d7f00c 28d3ad62
0x22d7f004:   05c2ff30 01985ec4 22d7f178 28d13ea1
0x22d7f014:   00000001 a5b01cf4 05c2ff30 22d7efe0
0x22d7f024:   22d7efe0 22d7effc 22d7effc 05c2ff30
0x22d7f034:   22d7f058 22d7f058 22d7f074 22d7f074
0x22d7f044:   22d7f090 22d7f090 20374598 22d7efe0
0x22d7f054:   22d7effc 22d7f0a8 65726f00 32676f4c
0x22d7f064:   30343130 00363233 00000000 0000000f 

Instructions: (pc=0x666e6f63)
0x666e6f53:   
[error occurred during error reporting (printing registers, top of stack, instructions near pc), id 0xc0000005]

Stack: [0x22d00000,0x22d80000],  sp=0x22d7eff4,  free space=507k
Native frames: (J=compiled Java code, j=interpreted, Vv=VM code, C=native code)
C  0x666e6f63
C  0x28d3ad62
C  0x28d13ea1
C  0x28cf750a
C  0x28cc974f
j  mmcorej.MMCoreJJNI.new_CMMCore()J+0
j  mmcorej.CMMCore.<init>()V+1
j  org.micromanager.MMStudioMainFrame$40.windowOpened(Ljava/awt/event/WindowEvent;)V+8
j  java.awt.AWTEventMulticaster.windowOpened(Ljava/awt/event/WindowEvent;)V+8
j  java.awt.Window.processWindowEvent(Ljava/awt/event/WindowEvent;)V+58
j  javax.swing.JFrame.processWindowEvent(Ljava/awt/event/WindowEvent;)V+2
j  java.awt.Window.processEvent(Ljava/awt/AWTEvent;)V+69
J  java.awt.Component.dispatchEventImpl(Ljava/awt/AWTEvent;)V
J  java.awt.Container.dispatchEventImpl(Ljava/awt/AWTEvent;)V
j  java.awt.Window.dispatchEventImpl(Ljava/awt/AWTEvent;)V+19
J  java.awt.EventQueue.dispatchEvent(Ljava/awt/AWTEvent;)V
J  java.awt.EventDispatchThread.pumpOneEventForFilters(I)Z
j  java.awt.EventDispatchThread.pumpEventsForFilter(ILjava/awt/Conditional;Ljava/awt/EventFilter;)V+30
j  java.awt.EventDispatchThread.pumpEventsForHierarchy(ILjava/awt/Conditional;Ljava/awt/Component;)V+11
j  java.awt.EventDispatchThread.pumpEvents(ILjava/awt/Conditional;)V+4
j  java.awt.EventDispatchThread.pumpEvents(Ljava/awt/Conditional;)V+3
j  java.awt.EventDispatchThread.run()V+9
v  ~StubRoutines::call_stub
C  0x0863cf9c
C  0x086c41d1
C  0x0863d167
C  0x0863d1dd
C  0x08666290
C  0x08720414
C  0x086c3e4c
C  0x7d919565
C  [kernel32.dll+0x4ed6c]
C  [ntdll.dll+0x6377b]
C  [ntdll.dll+0x6374e]

Java frames: (J=compiled Java code, j=interpreted, Vv=VM code)
j  mmcorej.MMCoreJJNI.new_CMMCore()J+0
j  mmcorej.CMMCore.<init>()V+1
j  org.micromanager.MMStudioMainFrame$40.windowOpened(Ljava/awt/event/WindowEvent;)V+8
j  java.awt.AWTEventMulticaster.windowOpened(Ljava/awt/event/WindowEvent;)V+8
j  java.awt.Window.processWindowEvent(Ljava/awt/event/WindowEvent;)V+58
j  javax.swing.JFrame.processWindowEvent(Ljava/awt/event/WindowEvent;)V+2
j  java.awt.Window.processEvent(Ljava/awt/AWTEvent;)V+69
J  java.awt.Component.dispatchEventImpl(Ljava/awt/AWTEvent;)V
J  java.awt.Container.dispatchEventImpl(Ljava/awt/AWTEvent;)V
j  java.awt.Window.dispatchEventImpl(Ljava/awt/AWTEvent;)V+19
J  java.awt.EventQueue.dispatchEvent(Ljava/awt/AWTEvent;)V
J  java.awt.EventDispatchThread.pumpOneEventForFilters(I)Z
j  java.awt.EventDispatchThread.pumpEventsForFilter(ILjava/awt/Conditional;Ljava/awt/EventFilter;)V+30
j  java.awt.EventDispatchThread.pumpEventsForHierarchy(ILjava/awt/Conditional;Ljava/awt/Component;)V+11
j  java.awt.EventDispatchThread.pumpEvents(ILjava/awt/Conditional;)V+4
j  java.awt.EventDispatchThread.pumpEvents(Ljava/awt/Conditional;)V+3
j  java.awt.EventDispatchThread.run()V+9
v  ~StubRoutines::call_stub

---------------  P R O C E S S  ---------------

Java Threads: ( => current thread )
  0x21e4b800 JavaThread "pool-7-thread-1" [_thread_blocked, id=16960, stack(0x22c00000,0x22c80000)]
  0x21e4c400 JavaThread "Inactive RequestProcessor thread [Was:TimedSoftReference/org.openide.util.TimedSoftReference]" daemon [_thread_blocked, id=22612, stack(0x22a80000,0x22b00000)]
  0x26a03c00 JavaThread "Beanshell interpreter" [_thread_blocked, id=21940, stack(0x28c40000,0x28cc0000)]
  0x26a03000 JavaThread "Thread-62" [_thread_blocked, id=24020, stack(0x22b80000,0x22c00000)]
  0x21e4c800 JavaThread "Swing-Shell" daemon [_thread_blocked, id=18120, stack(0x22c80000,0x22d00000)]
  0x21e4b000 JavaThread "Active Reference Queue Daemon" daemon [_thread_blocked, id=20324, stack(0x06500000,0x06580000)]
  0x21e4ac00 JavaThread "Timer-1" daemon [_thread_blocked, id=23040, stack(0x06480000,0x06500000)]
  0x21e4a400 JavaThread "ClipboardMonitor Timer" daemon [_thread_blocked, id=21160, stack(0x06400000,0x06480000)]
  0x21e49400 JavaThread "Explorer NavigationContext request queue" daemon [_thread_blocked, id=20176, stack(0x06380000,0x06400000)]
  0x21e48800 JavaThread "AddressBar directory emptiness poller" daemon [_thread_blocked, id=24204, stack(0x06280000,0x06300000)]
  0x21e48000 JavaThread "Explorer Refresh Service 15828664" daemon [_thread_blocked, id=21280, stack(0x06200000,0x06280000)]
  0x21e47c00 JavaThread "Thread-4" daemon [_thread_blocked, id=23824, stack(0x25e50000,0x25ed0000)]
  0x21e47400 JavaThread "TimerQueue" daemon [_thread_blocked, id=20916, stack(0x22f80000,0x23000000)]
  0x21e45c00 JavaThread "Thread-3" daemon [_thread_blocked, id=22536, stack(0x22d80000,0x22e00000)]
  0x21e47000 JavaThread "FelixPackageAdmin" daemon [_thread_blocked, id=21032, stack(0x22f00000,0x22f80000)]
  0x21e46800 JavaThread "FelixStartLevel" daemon [_thread_blocked, id=20328, stack(0x22e80000,0x22f00000)]
  0x21e46400 JavaThread "FelixDispatchQueue" daemon [_thread_blocked, id=24120, stack(0x22e00000,0x22e80000)]
=>0x21e45800 JavaThread "AWT-EventQueue-0" [_thread_in_native, id=24044, stack(0x22d00000,0x22d80000)]
  0x21dd1000 JavaThread "com.google.common.base.internal.Finalizer" daemon [_thread_blocked, id=17056, stack(0x22b00000,0x22b80000)]
  0x21d83800 JavaThread "AWT-Windows" daemon [_thread_in_native, id=8832, stack(0x22a00000,0x22a80000)]
  0x21d83400 JavaThread "AWT-Shutdown" [_thread_blocked, id=7976, stack(0x22980000,0x22a00000)]
  0x21d7f800 JavaThread "Java2D Disposer" daemon [_thread_blocked, id=23316, stack(0x22900000,0x22980000)]
  0x2100e400 JavaThread "Timer-0" [_thread_blocked, id=23436, stack(0x0ff80000,0x10000000)]
  0x20ed9400 JavaThread "EventMgr Dispatcher" daemon [_thread_in_native, id=20360, stack(0x21060000,0x21860000)]
  0x0e4dc000 JavaThread "Low Memory Detector" daemon [_thread_blocked, id=17176, stack(0x0f700000,0x0f780000)]
  0x0e4db000 JavaThread "CompilerThread0" daemon [_thread_blocked, id=21276, stack(0x0ef00000,0x0f700000)]
  0x0e4d0c00 JavaThread "Attach Listener" daemon [_thread_blocked, id=20260, stack(0x0ee80000,0x0ef00000)]
  0x0e497000 JavaThread "Finalizer" daemon [_thread_blocked, id=22232, stack(0x0ee00000,0x0ee80000)]
  0x0e495c00 JavaThread "Reference Handler" daemon [_thread_blocked, id=22308, stack(0x0ed80000,0x0ee00000)]
  0x0e418c00 JavaThread "main" [_thread_in_native, id=23428, stack(0x00430000,0x00c30000)]

Other Threads:
  0x0e493000 VMThread [stack: 0x0e580000,0x0ed80000] [id=21080]
  0x0e4eec00 WatcherThread [stack: 0x0f780000,0x0ff80000] [id=24500]

VM state:not at safepoint (normal execution)

VM Mutex/Monitor currently owned by a thread: None

Heap
 def new generation   total 20416K, used 9742K [0x12010000, 0x13630000, 0x14010000)
  eden space 18176K,  50% used [0x12010000, 0x128fe770, 0x131d0000)
  from space 2240K,  26% used [0x131d0000, 0x132652d8, 0x13400000)
  to   space 2240K,   0% used [0x13400000, 0x13400000, 0x13630000)
 tenured generation   total 67884K, used 40728K [0x14010000, 0x1825b000, 0x1a010000)
   the space 67884K,  59% used [0x14010000, 0x167d63c0, 0x167d6400, 0x1825b000)
 compacting perm gen  total 52736K, used 52676K [0x1a010000, 0x1d390000, 0x20010000)
   the space 52736K,  99% used [0x1a010000, 0x1d381038, 0x1d381200, 0x1d390000)
No shared spaces configured.

Dynamic libraries:
0x00400000 - 0x00425000 	C:\Program Files\MATLAB\R2013a\bin\win32\MATLAB.exe
0x76e90000 - 0x76fcc000 	C:\Windows\SYSTEM32\ntdll.dll
0x755e0000 - 0x756b4000 	C:\Windows\system32\kernel32.dll
0x75120000 - 0x7516b000 	C:\Windows\system32\KERNELBASE.dll
0x7ef10000 - 0x7efa1000 	C:\Program Files\MATLAB\R2013a\bin\win32\libut.dll
0x7dce0000 - 0x7dd75000 	C:\Program Files\MATLAB\R2013a\bin\win32\libmwi18n.dll
0x10000000 - 0x1000b000 	C:\Program Files\MATLAB\R2013a\bin\win32\libmwresource_core.dll
0x72510000 - 0x72579000 	C:\Program Files\MATLAB\R2013a\bin\win32\MSVCP100.dll
0x72080000 - 0x7213f000 	C:\Program Files\MATLAB\R2013a\bin\win32\MSVCR100.dll
0x727c0000 - 0x727cc000 	C:\Program Files\MATLAB\R2013a\bin\win32\boost_date_time-vc100-mt-1_49.dll
0x724e0000 - 0x72505000 	C:\Program Files\MATLAB\R2013a\bin\win32\boost_filesystem-vc100-mt-1_49.dll
0x72820000 - 0x72827000 	C:\Program Files\MATLAB\R2013a\bin\win32\boost_system-vc100-mt-1_49.dll
0x76cd0000 - 0x76d70000 	C:\Windows\system32\ADVAPI32.dll
0x76390000 - 0x7643c000 	C:\Windows\system32\msvcrt.dll
0x76450000 - 0x76469000 	C:\Windows\SYSTEM32\sechost.dll
0x76710000 - 0x767b1000 	C:\Windows\system32\RPCRT4.dll
0x72470000 - 0x72491000 	C:\Program Files\MATLAB\R2013a\bin\win32\LIBEXPAT.dll
0x72eb0000 - 0x72ff9000 	C:\Program Files\MATLAB\R2013a\bin\win32\icuin49.dll
0x7ea10000 - 0x7eb17000 	C:\Program Files\MATLAB\R2013a\bin\win32\icuuc49.dll
0x00c30000 - 0x01d52000 	C:\Program Files\MATLAB\R2013a\bin\win32\icudt49.dll
0x73db0000 - 0x73dbd000 	C:\Program Files\MATLAB\R2013a\bin\win32\icuio49.dll
0x00200000 - 0x00353000 	C:\Program Files\MATLAB\R2013a\bin\win32\libmwfl.dll
0x01d60000 - 0x02083000 	C:\Program Files\MATLAB\R2013a\bin\win32\libmwMATLAB_res.dll
0x02090000 - 0x02144000 	C:\Program Files\MATLAB\R2013a\bin\win32\boost_regex-vc100-mt-1_49.dll
0x75250000 - 0x75319000 	C:\Windows\system32\USER32.dll
0x76fd0000 - 0x7701e000 	C:\Windows\system32\GDI32.dll
0x77020000 - 0x7702a000 	C:\Windows\system32\LPK.dll
0x76480000 - 0x7651d000 	C:\Windows\system32\USP10.dll
0x72680000 - 0x7268e000 	C:\Program Files\MATLAB\R2013a\bin\win32\boost_signals-vc100-mt-1_49.dll
0x72690000 - 0x7269e000 	C:\Program Files\MATLAB\R2013a\bin\win32\boost_thread-vc100-mt-1_49.dll
0x71ed0000 - 0x71f44000 	C:\Program Files\MATLAB\R2013a\bin\win32\boost_log-vc100-mt-1_49.dll
0x76470000 - 0x76475000 	C:\Windows\system32\PSAPI.DLL
0x755a0000 - 0x755d5000 	C:\Windows\system32\WS2_32.dll
0x76440000 - 0x76446000 	C:\Windows\system32\NSI.dll
0x723d0000 - 0x723f8000 	C:\Program Files\MATLAB\R2013a\bin\win32\tbb.dll
0x77030000 - 0x7705a000 	C:\Windows\system32\imagehlp.dll
0x73f00000 - 0x73f25000 	C:\Windows\system32\POWRPROF.dll
0x76520000 - 0x766bd000 	C:\Windows\system32\SETUPAPI.dll
0x751b0000 - 0x751d7000 	C:\Windows\system32\CFGMGR32.dll
0x76980000 - 0x76a0f000 	C:\Windows\system32\OLEAUT32.dll
0x76a10000 - 0x76b6c000 	C:\Windows\system32\ole32.dll
0x751f0000 - 0x75202000 	C:\Windows\system32\DEVOBJ.dll
0x00360000 - 0x00379000 	C:\Program Files\MATLAB\R2013a\bin\win32\libmwmfl_scalar.dll
0x71220000 - 0x7130b000 	C:\Windows\system32\dbghelp.dll
0x02150000 - 0x023e6000 	C:\Program Files\MATLAB\R2013a\bin\win32\libmwservices.dll
0x7db50000 - 0x7dc0c000 	C:\Program Files\MATLAB\R2013a\bin\win32\libmx.dll
0x724c0000 - 0x724d8000 	C:\Program Files\MATLAB\R2013a\bin\win32\tbbmalloc.dll
0x72450000 - 0x72464000 	C:\Program Files\MATLAB\R2013a\bin\win32\zlib1.dll
0x00380000 - 0x003bd000 	C:\Program Files\MATLAB\R2013a\bin\win32\libmwregexp.dll
0x7df40000 - 0x7df78000 	C:\Program Files\MATLAB\R2013a\bin\win32\mpath.dll
0x72990000 - 0x72ea3000 	C:\Program Files\MATLAB\R2013a\bin\win32\mlutil.dll
0x7d670000 - 0x7d6d2000 	C:\Program Files\MATLAB\R2013a\bin\win32\xmlcore.dll
0x023f0000 - 0x025b0000 	C:\Program Files\MATLAB\R2013a\bin\win32\xerces-c_2_7.dll
0x003d0000 - 0x003ef000 	C:\Program Files\MATLAB\R2013a\bin\win32\libmwMATLAB_settings_res.dll
0x72360000 - 0x7236d000 	C:\Program Files\MATLAB\R2013a\bin\win32\boost_iostreams-vc100-mt-1_49.dll
0x025b0000 - 0x025ee000 	C:\Program Files\MATLAB\R2013a\bin\win32\boost_serialization-vc100-mt-1_49.dll
0x75740000 - 0x7638a000 	C:\Windows\system32\SHELL32.dll
0x77060000 - 0x770b7000 	C:\Windows\system32\SHLWAPI.dll
0x003f0000 - 0x003f5000 	C:\Program Files\MATLAB\R2013a\bin\win32\libmwnativedisplay.dll
0x706f0000 - 0x70774000 	C:\Windows\WinSxS\x86_microsoft.windows.common-controls_6595b64144ccf1df_5.82.7601.17514_none_ec83dffa859149af\COMCTL32.dll
0x756c0000 - 0x7573b000 	C:\Windows\system32\COMDLG32.dll
0x73530000 - 0x73541000 	C:\Windows\system32\NETAPI32.dll
0x73520000 - 0x73529000 	C:\Windows\system32\netutils.dll
0x74d30000 - 0x74d49000 	C:\Windows\system32\srvcli.dll
0x73510000 - 0x7351f000 	C:\Windows\system32\wkscli.dll
0x7f270000 - 0x7f2f7000 	C:\Program Files\MATLAB\R2013a\bin\win32\mcr.dll
0x025f0000 - 0x0297e000 	C:\Program Files\MATLAB\R2013a\bin\win32\iqm.dll
0x7f630000 - 0x7f6b1000 	C:\Program Files\MATLAB\R2013a\bin\win32\m_dispatcher.dll
0x7b920000 - 0x7be74000 	C:\Program Files\MATLAB\R2013a\bin\win32\m_interpreter.dll
0x73dc0000 - 0x73ddc000 	C:\Program Files\MATLAB\R2013a\bin\win32\libmex.dll
0x7d8b0000 - 0x7d910000 	C:\Program Files\MATLAB\R2013a\bin\win32\profiler.dll
0x02980000 - 0x02bec000 	C:\Program Files\MATLAB\R2013a\bin\win32\libmwmathutil.dll
0x734f0000 - 0x7350f000 	C:\Program Files\MATLAB\R2013a\bin\win32\libmwmathrng.dll
0x02bf0000 - 0x02bfe000 	C:\Program Files\MATLAB\R2013a\bin\win32\libmwmfl_rng.dll
0x7c390000 - 0x7c43b000 	C:\Program Files\MATLAB\R2013a\bin\win32\libmwmathcore.dll
0x7e000000 - 0x7e048000 	C:\Program Files\MATLAB\R2013a\bin\win32\libmwspmatrix.dll
0x02c00000 - 0x02db0000 	C:\Program Files\MATLAB\R2013a\bin\win32\mcos.dll
0x02db0000 - 0x02dfb000 	C:\Program Files\MATLAB\R2013a\bin\win32\libmwcholmod.dll
0x73e70000 - 0x73e7a000 	C:\Program Files\MATLAB\R2013a\bin\win32\libmwamd.dll
0x71330000 - 0x713d3000 	C:\Windows\WinSxS\x86_microsoft.vc90.crt_1fc8b3b9a1e18e3b_9.0.30729.6161_none_50934f2ebcb7eb57\MSVCR90.dll
0x73e80000 - 0x73e8a000 	C:\Program Files\MATLAB\R2013a\bin\win32\libmwcolamd.dll
0x02e30000 - 0x02e3b000 	C:\Program Files\MATLAB\R2013a\bin\win32\libmwblas.dll
0x73d30000 - 0x73d41000 	C:\Program Files\MATLAB\R2013a\bin\win32\libmwbinder.dll
0x73ea0000 - 0x73ea9000 	C:\Program Files\MATLAB\R2013a\bin\win32\libmwompwrapper.dll
0x73030000 - 0x73064000 	C:\Program Files\MATLAB\R2013a\bin\win32\libmwlapack.dll
0x73bf0000 - 0x73c07000 	C:\Program Files\MATLAB\R2013a\bin\win32\m_pcodeio.dll
0x7e080000 - 0x7e0c9000 	C:\Program Files\MATLAB\R2013a\bin\win32\m_ir.dll
0x70000000 - 0x70590000 	C:\Program Files\MATLAB\R2013a\bin\win32\m_parser.dll
0x02e40000 - 0x02e51000 	C:\Program Files\MATLAB\R2013a\bin\win32\ir_xfmr.dll
0x73e90000 - 0x73e9e000 	C:\Program Files\MATLAB\R2013a\bin\win32\mtok.dll
0x73690000 - 0x736b1000 	C:\Program Files\MATLAB\R2013a\bin\win32\m_pcodegen.dll
0x7e1c0000 - 0x7e1e7000 	C:\Program Files\MATLAB\R2013a\bin\win32\libmwbridge.dll
0x7f390000 - 0x7f421000 	C:\Program Files\MATLAB\R2013a\bin\win32\udd.dll
0x7e6f0000 - 0x7e808000 	C:\Program Files\MATLAB\R2013a\bin\win32\libmwgui.dll
0x73c10000 - 0x73c2d000 	C:\Program Files\MATLAB\R2013a\bin\win32\graphics_util.dll
0x02e60000 - 0x02f12000 	C:\Program Files\MATLAB\R2013a\bin\win32\libtex_base.dll
0x02f20000 - 0x0366c000 	C:\Program Files\MATLAB\R2013a\bin\win32\hg.dll
0x03670000 - 0x036b6000 	C:\Program Files\MATLAB\R2013a\bin\win32\libmat.dll
0x036c0000 - 0x038a9000 	C:\Program Files\MATLAB\R2013a\bin\win32\hdf5dll.dll
0x7d9d0000 - 0x7da76000 	C:\Program Files\MATLAB\R2013a\bin\win32\jmi.dll
0x038c0000 - 0x038cc000 	C:\Program Files\MATLAB\R2013a\bin\win32\nativejava_services.dll
0x732b0000 - 0x732e2000 	C:\Program Files\MATLAB\R2013a\bin\win32\libmwhardcopy.dll
0x7de70000 - 0x7deb8000 	C:\Program Files\MATLAB\R2013a\bin\win32\libuij.dll
0x038d0000 - 0x03aa2000 	C:\Program Files\MATLAB\R2013a\bin\win32\hgdatatypes.dll
0x7d2e0000 - 0x7d39d000 	C:\Program Files\MATLAB\R2013a\bin\win32\hgutils.dll
0x03ab0000 - 0x03b38000 	C:\Program Files\MATLAB\R2013a\bin\win32\udd_mi.dll
0x03b40000 - 0x03b6d000 	C:\Program Files\MATLAB\R2013a\bin\win32\libmwgbtutils.dll
0x03b70000 - 0x03b80000 	C:\Program Files\MATLAB\R2013a\bin\win32\libmwgbt.dll
0x74dc0000 - 0x75065000 	C:\Program Files\MATLAB\R2013a\bin\win32\uiw.dll
0x73ee0000 - 0x73ee8000 	C:\Program Files\MATLAB\R2013a\bin\win32\uinone.dll
0x03b80000 - 0x03b9e000 	C:\Program Files\MATLAB\R2013a\bin\win32\libmwnativefiledialogs.dll
0x03ba0000 - 0x03ba9000 	C:\Program Files\MATLAB\R2013a\bin\win32\libmwplatform_res.dll
0x71310000 - 0x71322000 	C:\Windows\system32\MPR.dll
0x03bb0000 - 0x03fe8000 	C:\Program Files\MATLAB\R2013a\bin\win32\mfc100.dll
0x03ff0000 - 0x03ff5000 	C:\Windows\system32\MSIMG32.dll
0x04000000 - 0x04051000 	C:\Windows\system32\WINSPOOL.DRV
0x73710000 - 0x73726000 	C:\Program Files\MATLAB\R2013a\bin\win32\mwoles05.DLL
0x7dc40000 - 0x7dc93000 	C:\Program Files\MATLAB\R2013a\bin\win32\comcli.dll
0x722c0000 - 0x722e6000 	C:\Program Files\MATLAB\R2013a\bin\win32\ATL100.DLL
0x73e00000 - 0x73e0a000 	C:\Program Files\MATLAB\R2013a\bin\win32\mlautoregister.dll
0x04060000 - 0x0419c000 	C:\Program Files\MATLAB\R2013a\bin\win32\mvm.dll
0x75580000 - 0x7559f000 	C:\Windows\system32\IMM32.DLL
0x76c00000 - 0x76ccc000 	C:\Windows\system32\MSCTF.dll
0x73c70000 - 0x73cb0000 	C:\Windows\system32\UxTheme.dll
0x73940000 - 0x73953000 	C:\Windows\system32\dwmapi.dll
0x72620000 - 0x7262d000 	C:\Program Files\MATLAB\R2013a\bin\win32\MFC100ENU.DLL
0x04420000 - 0x04462000 	C:\Program Files\MATLAB\R2013a\bin\win32\MVMLocal.dll
0x04220000 - 0x0422b000 	C:\Windows\system32\profapi.dll

VM Arguments:
jvm_args: -Xss512k -XX:PermSize=32m -Xms64m -XX:NewRatio=3 -XX:MaxPermSize=96m -Xmx128m -XX:MaxDirectMemorySize=1200000000 -Dsun.java2d.noddraw=true -Dsun.awt.nopixfmt=true -Xshare:off -Xrs -Dsun.awt.disableMixing=true -Djava.library.path=C:\Program Files\MATLAB\R2013a\bin\win32;C:\Program Files\MATLAB\R2013a\sys\jxbrowser\win32\lib;C:\Program Files\Micro-Manager-1.4 vfprintf abort 
java_command: <unknown>
Launcher Type: generic

Environment Variables:
CLASSPATH=.;C:\Program Files\Java\jre7\lib\ext\QTJava.zip
PATH=C:\Program Files\ImageMagick-6.8.8-Q16;C:\Windows\system32;C:\Windows;C:\Windows\System32\Wbem;C:\Windows\System32\WindowsPowerShell\v1.0\;C:\Program Files\MATLAB\R2013a\runtime\win32;C:\Program Files\MATLAB\R2013a\bin;C:\Program Files\MATLAB\R2012a\bin;C:\Program Files\Microsoft SQL Server\80\Tools\Binn\;C:\Program Files\QuickTime\QTSystem\;C:\Program Files\Subversion\bin;c:\users\zoom\appdata\local\enthought\canopy32\user\scripts;C:\MyPrograms\bin;C:\Program Files\CMake 2.8\bin;C:\Program Files\HDF_Group\HDF5\1.8.11\bin;C:\MyPrograms\MinGW-2012\bin;C:\MyPrograms\MSYS1.0\bin;C:\Program Files\GnuWin32\bin;C:\Users\zoom\AppData\Local\Enthought\Canopy32\User;C:\Users\zoom\AppData\Local\Enthought\Canopy32\User\Scripts
USERNAME=zoom
OS=Windows_NT
PROCESSOR_IDENTIFIER=x86 Family 6 Model 23 Stepping 10, GenuineIntel



---------------  S Y S T E M  ---------------

OS: Windows 7 Build 7601 Service Pack 1

CPU:total 2 (2 cores per cpu, 1 threads per core) family 6 model 23 stepping 10, cmov, cx8, fxsr, mmx, sse, sse2, sse3, ssse3, sse4.1

Memory: 4k page, physical 3632736k(1555064k free), swap 4194303k(3859156k free)

vm_info: Java HotSpot(TM) Client VM (14.3-b01) for windows-x86 JRE (1.6.0_17-b04), built on Oct 11 2009 00:52:06 by "java_re" with MS VC++ 7.1

time: Wed Mar 26 19:02:48 2014
elapsed time: 73 seconds

